reptar

building				

reptar object:  Reptar {
  options: 
   { _: [ 'build' ],
     'browser-sync': false,
     bs: false,
     browserSync: false,
     incremental: true,
     version: false,
     v: false,
     help: undefined,
     clean: false,
     c: false,
     '$0': '/usr/local/bin/reptar',
     noTemplateCache: false,
     rootPath: undefined,
     showSpinner: true },
  _wrapCommand: [Function: wrapCommand],
  config: 
   Config {
     root: '/Users/samhinshaw/projects/reptar_blog/',
     _raw: 
      { site: [Object],
        path: [Object],
        file: [Object],
        collections: [Object],
        assets: [Array],
        cleanDestination: true,
        slug: [Object],
        markdown: [Object],
        server: [Object],
        ignore: [Array],
        incremental: false,
        newFilePermalink: '/_posts/:date|YYYY-:date|MM-:date|D-:title.md',
        middlewares: [Array],
        lifecycle: [Object] } },
  renderer: 
   Renderer {
     _config: 
      Config {
        root: '/Users/samhinshaw/projects/reptar_blog/',
        _raw: [Object] },
     _md: 
      MarkdownIt {
        inline: [Object],
        block: [Object],
        core: [Object],
        renderer: [Object],
        linkify: [Object],
        validateLink: [Function: validateLink],
        normalizeLink: [Function: normalizeLink],
        normalizeLinkText: [Function: normalizeLinkText],
        utils: [Object],
        helpers: [Object],
        options: [Object] },
     renderMarkdown: [Function: bound renderMarkdown],
     _nunjucksEnv: 
      new_cls {
        opts: [Object],
        loaders: [Array],
        globals: [Object],
        filters: [Object],
        asyncFilters: [],
        extensions: {},
        extensionsList: [] },
     renderTemplate: [Function: bound renderTemplate],
     renderTemplateString: [Function: bound renderTemplateString],
     addTemplateFilter: [Function: bound addTemplateFilter] },
  fileSystem: 
   FileSystem {
     _config: 
      Config {
        root: '/Users/samhinshaw/projects/reptar_blog/',
        _raw: [Object] },
     _renderer: 
      Renderer {
        _config: [Object],
        _md: [Object],
        renderMarkdown: [Function: bound renderMarkdown],
        _nunjucksEnv: [Object],
        renderTemplate: [Function: bound renderTemplate],
        renderTemplateString: [Function: bound renderTemplateString],
        addTemplateFilter: [Function: bound addTemplateFilter] },
     files: 
      { '/Users/samhinshaw/projects/reptar_blog/_error/404.md': [Object],
        '/Users/samhinshaw/projects/reptar_blog/_plugins/markdown-config.js': [Object],
        '/Users/samhinshaw/projects/reptar_blog/_posts/2016-09-23-UpdateRstudio.md': [Object],
        '/Users/samhinshaw/projects/reptar_blog/_posts/2017-02-09-autokey.md': [Object],
        '/Users/samhinshaw/projects/reptar_blog/_posts/2017-02-09-encryption.md': [Object],
        '/Users/samhinshaw/projects/reptar_blog/_posts/2017-02-09-FirefoxNightly.md': [Object],
        '/Users/samhinshaw/projects/reptar_blog/_posts/2017-02-09-NodeJS.md': [Object],
        '/Users/samhinshaw/projects/reptar_blog/_posts/2017-02-09-SSH_keys.md': [Object],
        '/Users/samhinshaw/projects/reptar_blog/_posts/2017-02-10-zsh.md': [Object],
        '/Users/samhinshaw/projects/reptar_blog/_posts/2017-09-04_reptar.md': [Object],
        '/Users/samhinshaw/projects/reptar_blog/_posts/2017-09-13_ligatures.md': [Object],
        '/Users/samhinshaw/projects/reptar_blog/_posts/2017-09-28_template-literals.md': [Object],
        '/Users/samhinshaw/projects/reptar_blog/_posts/2017-10-20_dynamic_package_loads.md': [Object],
        '/Users/samhinshaw/projects/reptar_blog/_root/about.md': [Object],
        '/Users/samhinshaw/projects/reptar_blog/_root/blog.md': [Object],
        '/Users/samhinshaw/projects/reptar_blog/_root/projects.md': [Object],
        '/Users/samhinshaw/projects/reptar_blog/android-chrome-192x192.png': [Object],
        '/Users/samhinshaw/projects/reptar_blog/android-chrome-512x512.png': [Object],
        '/Users/samhinshaw/projects/reptar_blog/apple-touch-icon.png': [Object],
        '/Users/samhinshaw/projects/reptar_blog/browserconfig.xml': [Object],
        '/Users/samhinshaw/projects/reptar_blog/css/_elements.less': [Object],
        '/Users/samhinshaw/projects/reptar_blog/css/_highlight_atom-one-dark.css': [Object],
        '/Users/samhinshaw/projects/reptar_blog/css/_highlight_oceanic-next.css': [Object],
        '/Users/samhinshaw/projects/reptar_blog/css/_highlight.css': [Object],
        '/Users/samhinshaw/projects/reptar_blog/css/_layout.less': [Object],
        '/Users/samhinshaw/projects/reptar_blog/css/_style.css': [Object],
        '/Users/samhinshaw/projects/reptar_blog/css/_variables.less': [Object],
        '/Users/samhinshaw/projects/reptar_blog/css/bulma.sass': [Object],
        '/Users/samhinshaw/projects/reptar_blog/css/main.less': [Object],
        '/Users/samhinshaw/projects/reptar_blog/favicon-16x16.png': [Object],
        '/Users/samhinshaw/projects/reptar_blog/favicon-32x32.png': [Object],
        '/Users/samhinshaw/projects/reptar_blog/favicon.ico': [Object],
        '/Users/samhinshaw/projects/reptar_blog/fonts/FiraCode-Bold.woff2': [Object],
        '/Users/samhinshaw/projects/reptar_blog/fonts/FiraCode-Light.woff2': [Object],
        '/Users/samhinshaw/projects/reptar_blog/fonts/FiraCode-Medium.woff2': [Object],
        '/Users/samhinshaw/projects/reptar_blog/fonts/FiraCode-Regular.woff2': [Object],
        '/Users/samhinshaw/projects/reptar_blog/fonts/fontawesome-webfont.eot': [Object],
        '/Users/samhinshaw/projects/reptar_blog/fonts/fontawesome-webfont.svg': [Object],
        '/Users/samhinshaw/projects/reptar_blog/fonts/fontawesome-webfont.ttf': [Object],
        '/Users/samhinshaw/projects/reptar_blog/fonts/fontawesome-webfont.woff': [Object],
        '/Users/samhinshaw/projects/reptar_blog/fonts/fontawesome-webfont.woff2': [Object],
        '/Users/samhinshaw/projects/reptar_blog/fonts/FontAwesome.otf': [Object],
        '/Users/samhinshaw/projects/reptar_blog/images/aerial-wave.jpg': [Object],
        '/Users/samhinshaw/projects/reptar_blog/images/arrow.jpg': [Object],
        '/Users/samhinshaw/projects/reptar_blog/images/bondi-beach.jpg': [Object],
        '/Users/samhinshaw/projects/reptar_blog/images/burrard-bridge.jpg': [Object],
        '/Users/samhinshaw/projects/reptar_blog/images/cajon-pass.jpg': [Object],
        '/Users/samhinshaw/projects/reptar_blog/images/cat-ios.png': [Object],
        '/Users/samhinshaw/projects/reptar_blog/images/cat.png': [Object],
        '/Users/samhinshaw/projects/reptar_blog/images/coffee-ios.png': [Object],
        '/Users/samhinshaw/projects/reptar_blog/images/coffee.png': [Object],
        '/Users/samhinshaw/projects/reptar_blog/images/computer.png': [Object],
        '/Users/samhinshaw/projects/reptar_blog/images/dog-mountain-fir.jpg': [Object],
        '/Users/samhinshaw/projects/reptar_blog/images/ferris-wheel.jpg': [Object],
        '/Users/samhinshaw/projects/reptar_blog/images/first-lake-crop.jpg': [Object],
        '/Users/samhinshaw/projects/reptar_blog/images/first-lake.jpg': [Object],
        '/Users/samhinshaw/projects/reptar_blog/images/getty-villa-wall.jpg': [Object],
        '/Users/samhinshaw/projects/reptar_blog/images/getty-villa-wheat.jpg': [Object],
        '/Users/samhinshaw/projects/reptar_blog/images/grass.jpg': [Object],
        '/Users/samhinshaw/projects/reptar_blog/images/juniper-point-dog.jpg': [Object],
        '/Users/samhinshaw/projects/reptar_blog/images/juniper-point-tree.jpg': [Object],
        '/Users/samhinshaw/projects/reptar_blog/images/juniper-point.jpg': [Object],
        '/Users/samhinshaw/projects/reptar_blog/images/laptop-ios.png': [Object],
        '/Users/samhinshaw/projects/reptar_blog/images/lighthouse-park_stylized.jpg': [Object],
        '/Users/samhinshaw/projects/reptar_blog/images/lions-gate.jpg': [Object],
        '/Users/samhinshaw/projects/reptar_blog/images/loading-dock.jpg': [Object],
        '/Users/samhinshaw/projects/reptar_blog/images/overhead-coffee-mug.jpg': [Object],
        '/Users/samhinshaw/projects/reptar_blog/images/portrait_fullres.jpg': [Object],
        '/Users/samhinshaw/projects/reptar_blog/images/portrait.jpg': [Object],
        '/Users/samhinshaw/projects/reptar_blog/images/ring-light.jpg': [Object],
        '/Users/samhinshaw/projects/reptar_blog/images/rstudio.png': [Object],
        '/Users/samhinshaw/projects/reptar_blog/images/sailing-centre-sunset_stylized.jpg': [Object],
        '/Users/samhinshaw/projects/reptar_blog/images/sam_avatar.png': [Object],
        '/Users/samhinshaw/projects/reptar_blog/images/sam_logo.png': [Object],
        '/Users/samhinshaw/projects/reptar_blog/images/sam.jpg': [Object],
        '/Users/samhinshaw/projects/reptar_blog/images/ships-at-sunset_stylized.jpg': [Object],
        '/Users/samhinshaw/projects/reptar_blog/images/the-huntington-cacti.jpg': [Object],
        '/Users/samhinshaw/projects/reptar_blog/images/the-huntington-lightbulbs.jpg': [Object],
        '/Users/samhinshaw/projects/reptar_blog/images/type-letters.jpg': [Object],
        '/Users/samhinshaw/projects/reptar_blog/images/typesetting-block.jpg': [Object],
        '/Users/samhinshaw/projects/reptar_blog/images/typesetting.jpg': [Object],
        '/Users/samhinshaw/projects/reptar_blog/images/yellow-umbrellas.jpg': [Object],
        '/Users/samhinshaw/projects/reptar_blog/index.md': [Object],
        '/Users/samhinshaw/projects/reptar_blog/js/main.js': [Object],
        '/Users/samhinshaw/projects/reptar_blog/LICENSE': [Object],
        '/Users/samhinshaw/projects/reptar_blog/LICENSE_PHOTOS': [Object],
        '/Users/samhinshaw/projects/reptar_blog/manifest.json': [Object],
        '/Users/samhinshaw/projects/reptar_blog/mstile-150x150.png': [Object],
        '/Users/samhinshaw/projects/reptar_blog/package-lock.json': [Object],
        '/Users/samhinshaw/projects/reptar_blog/readme.md': [Object],
        '/Users/samhinshaw/projects/reptar_blog/reptar.log': [Object],
        '/Users/samhinshaw/projects/reptar_blog/safari-pinned-tab.svg': [Object] } },
  metadata: 
   Metadata {
     metadata: { site: [Object], reptar: [Object], collections: [Object] } },
  destination: 
   { '/404.html': 
      File {
        id: '/Users/samhinshaw/projects/reptar_blog/_error/404.md',
        path: '/Users/samhinshaw/projects/reptar_blog/_error/404.md',
        destination: '/404.html',
        frontmatter: [Object],
        data: [Object],
        skipProcessing: false,
        assetProcessor: null,
        filtered: false,
        _config: [Object],
        _renderer: [Object],
        checksum: '390b4c7aab599f35062ff795c36b660e',
        defaults: [Object] },
     '/_plugins/markdown-config.js': 
      File {
        id: '/Users/samhinshaw/projects/reptar_blog/_plugins/markdown-config.js',
        path: '/Users/samhinshaw/projects/reptar_blog/_plugins/markdown-config.js',
        destination: '/_plugins/markdown-config.js',
        frontmatter: {},
        data: [Object],
        skipProcessing: true,
        assetProcessor: [Object],
        filtered: false,
        _config: [Object],
        _renderer: [Object] },
     '/blog/automatically-update-rstudio/index.html': 
      File {
        id: '/Users/samhinshaw/projects/reptar_blog/_posts/2016-09-23-UpdateRstudio.md',
        path: '/Users/samhinshaw/projects/reptar_blog/_posts/2016-09-23-UpdateRstudio.md',
        destination: '/blog/automatically-update-rstudio/index.html',
        frontmatter: [Object],
        data: [Object],
        skipProcessing: false,
        assetProcessor: null,
        filtered: false,
        _config: [Object],
        _renderer: [Object],
        checksum: 'ed89fad8735f80278655e9699dcebcc3',
        defaults: [Object] },
     '/blog/installing-autokey/index.html': 
      File {
        id: '/Users/samhinshaw/projects/reptar_blog/_posts/2017-02-09-autokey.md',
        path: '/Users/samhinshaw/projects/reptar_blog/_posts/2017-02-09-autokey.md',
        destination: '/blog/installing-autokey/index.html',
        frontmatter: [Object],
        data: [Object],
        skipProcessing: false,
        assetProcessor: null,
        filtered: true,
        _config: [Object],
        _renderer: [Object],
        checksum: '4041330f7b68a6583d0aa7860397b5ee',
        defaults: [Object] },
     '/blog/encryption-commands-for-letsencrypt/index.html': 
      File {
        id: '/Users/samhinshaw/projects/reptar_blog/_posts/2017-02-09-encryption.md',
        path: '/Users/samhinshaw/projects/reptar_blog/_posts/2017-02-09-encryption.md',
        destination: '/blog/encryption-commands-for-letsencrypt/index.html',
        frontmatter: [Object],
        data: [Object],
        skipProcessing: false,
        assetProcessor: null,
        filtered: true,
        _config: [Object],
        _renderer: [Object],
        checksum: 'bf4526c4f6059f1e56be7754ea6306a0',
        defaults: [Object] },
     '/blog/how-to-install-firefox-nightly/index.html': 
      File {
        id: '/Users/samhinshaw/projects/reptar_blog/_posts/2017-02-09-FirefoxNightly.md',
        path: '/Users/samhinshaw/projects/reptar_blog/_posts/2017-02-09-FirefoxNightly.md',
        destination: '/blog/how-to-install-firefox-nightly/index.html',
        frontmatter: [Object],
        data: [Object],
        skipProcessing: false,
        assetProcessor: null,
        filtered: true,
        _config: [Object],
        _renderer: [Object],
        checksum: '84d2cc3d2699dc53a373d3ba8b46063d',
        defaults: [Object] },
     '/blog/installing-nodejs-on-linux/index.html': 
      File {
        id: '/Users/samhinshaw/projects/reptar_blog/_posts/2017-02-09-NodeJS.md',
        path: '/Users/samhinshaw/projects/reptar_blog/_posts/2017-02-09-NodeJS.md',
        destination: '/blog/installing-nodejs-on-linux/index.html',
        frontmatter: [Object],
        data: [Object],
        skipProcessing: false,
        assetProcessor: null,
        filtered: false,
        _config: [Object],
        _renderer: [Object],
        checksum: 'd5dc34a26eab731767a3c268a8f22335',
        defaults: [Object] },
     '/blog/how-to-setup-your-ssh-keys/index.html': 
      File {
        id: '/Users/samhinshaw/projects/reptar_blog/_posts/2017-02-09-SSH_keys.md',
        path: '/Users/samhinshaw/projects/reptar_blog/_posts/2017-02-09-SSH_keys.md',
        destination: '/blog/how-to-setup-your-ssh-keys/index.html',
        frontmatter: [Object],
        data: [Object],
        skipProcessing: false,
        assetProcessor: null,
        filtered: true,
        _config: [Object],
        _renderer: [Object],
        checksum: '030bd67f097be8d69657e3ee8aa6fec5',
        defaults: [Object] },
     '/blog/installing-zsh/index.html': 
      File {
        id: '/Users/samhinshaw/projects/reptar_blog/_posts/2017-02-10-zsh.md',
        path: '/Users/samhinshaw/projects/reptar_blog/_posts/2017-02-10-zsh.md',
        destination: '/blog/installing-zsh/index.html',
        frontmatter: [Object],
        data: [Object],
        skipProcessing: false,
        assetProcessor: null,
        filtered: true,
        _config: [Object],
        _renderer: [Object],
        checksum: 'b7c7fdb85ea5dd444cf4c0ffcaf9ccc3',
        defaults: [Object] },
     '/blog/building-a-blog-with-reptar-and-bulma/index.html': 
      File {
        id: '/Users/samhinshaw/projects/reptar_blog/_posts/2017-09-04_reptar.md',
        path: '/Users/samhinshaw/projects/reptar_blog/_posts/2017-09-04_reptar.md',
        destination: '/blog/building-a-blog-with-reptar-and-bulma/index.html',
        frontmatter: [Object],
        data: [Object],
        skipProcessing: false,
        assetProcessor: null,
        filtered: true,
        _config: [Object],
        _renderer: [Object],
        checksum: 'f561617352e34dab7c8df96935842512',
        defaults: [Object] },
     '/blog/ligature-support-in-monospace-fonts/index.html': 
      File {
        id: '/Users/samhinshaw/projects/reptar_blog/_posts/2017-09-13_ligatures.md',
        path: '/Users/samhinshaw/projects/reptar_blog/_posts/2017-09-13_ligatures.md',
        destination: '/blog/ligature-support-in-monospace-fonts/index.html',
        frontmatter: [Object],
        data: [Object],
        skipProcessing: false,
        assetProcessor: null,
        filtered: false,
        _config: [Object],
        _renderer: [Object],
        checksum: '42e13a5e59fcc977b4a850f05b830046',
        defaults: [Object] },
     '/blog/wrapping-template-literals-in-vs-code/index.html': 
      File {
        id: '/Users/samhinshaw/projects/reptar_blog/_posts/2017-09-28_template-literals.md',
        path: '/Users/samhinshaw/projects/reptar_blog/_posts/2017-09-28_template-literals.md',
        destination: '/blog/wrapping-template-literals-in-vs-code/index.html',
        frontmatter: [Object],
        data: [Object],
        skipProcessing: false,
        assetProcessor: null,
        filtered: false,
        _config: [Object],
        _renderer: [Object],
        checksum: '6b58b17d9bf7a197ded0e34213f5c904',
        defaults: [Object] },
     '/blog/lazy-loading-r-packages-in-shiny/index.html': 
      File {
        id: '/Users/samhinshaw/projects/reptar_blog/_posts/2017-10-20_dynamic_package_loads.md',
        path: '/Users/samhinshaw/projects/reptar_blog/_posts/2017-10-20_dynamic_package_loads.md',
        destination: '/blog/lazy-loading-r-packages-in-shiny/index.html',
        frontmatter: [Object],
        data: [Object],
        skipProcessing: false,
        assetProcessor: null,
        filtered: false,
        _config: [Object],
        _renderer: [Object],
        checksum: '3772e15416bf6426362a499972495f4c',
        defaults: [Object] },
     '/about/index.html': 
      File {
        id: '/Users/samhinshaw/projects/reptar_blog/_root/about.md',
        path: '/Users/samhinshaw/projects/reptar_blog/_root/about.md',
        destination: '/about/index.html',
        frontmatter: [Object],
        data: [Object],
        skipProcessing: false,
        assetProcessor: null,
        filtered: false,
        _config: [Object],
        _renderer: [Object],
        checksum: '888c3126178a8920934ef66535f73ec6',
        defaults: [Object] },
     '/blog/index.html': 
      CollectionPage {
        id: 'post:0',
        collectionId: 'post',
        _config: [Object],
        _renderer: [Object],
        index: 0,
        files: [Array],
        permalink: '/blog/',
        data: [Object],
        destination: '/blog/index.html' },
     '/projects/index.html': 
      File {
        id: '/Users/samhinshaw/projects/reptar_blog/_root/projects.md',
        path: '/Users/samhinshaw/projects/reptar_blog/_root/projects.md',
        destination: '/projects/index.html',
        frontmatter: [Object],
        data: [Object],
        skipProcessing: false,
        assetProcessor: null,
        filtered: false,
        _config: [Object],
        _renderer: [Object],
        checksum: '610445cd0272d742a9b65dce557d9a4f',
        defaults: [Object] },
     '/android-chrome-192x192.png': 
      File {
        id: '/Users/samhinshaw/projects/reptar_blog/android-chrome-192x192.png',
        path: '/Users/samhinshaw/projects/reptar_blog/android-chrome-192x192.png',
        destination: '/android-chrome-192x192.png',
        frontmatter: {},
        data: [Object],
        skipProcessing: true,
        assetProcessor: null,
        filtered: false,
        _config: [Object],
        _renderer: [Object] },
     '/android-chrome-512x512.png': 
      File {
        id: '/Users/samhinshaw/projects/reptar_blog/android-chrome-512x512.png',
        path: '/Users/samhinshaw/projects/reptar_blog/android-chrome-512x512.png',
        destination: '/android-chrome-512x512.png',
        frontmatter: {},
        data: [Object],
        skipProcessing: true,
        assetProcessor: null,
        filtered: false,
        _config: [Object],
        _renderer: [Object] },
     '/apple-touch-icon.png': 
      File {
        id: '/Users/samhinshaw/projects/reptar_blog/apple-touch-icon.png',
        path: '/Users/samhinshaw/projects/reptar_blog/apple-touch-icon.png',
        destination: '/apple-touch-icon.png',
        frontmatter: {},
        data: [Object],
        skipProcessing: true,
        assetProcessor: null,
        filtered: false,
        _config: [Object],
        _renderer: [Object] },
     '/browserconfig.xml': 
      File {
        id: '/Users/samhinshaw/projects/reptar_blog/browserconfig.xml',
        path: '/Users/samhinshaw/projects/reptar_blog/browserconfig.xml',
        destination: '/browserconfig.xml',
        frontmatter: {},
        data: [Object],
        skipProcessing: true,
        assetProcessor: null,
        filtered: false,
        _config: [Object],
        _renderer: [Object] },
     '/css/_elements.css': 
      File {
        id: '/Users/samhinshaw/projects/reptar_blog/css/_elements.less',
        path: '/Users/samhinshaw/projects/reptar_blog/css/_elements.less',
        destination: '/css/_elements.css',
        frontmatter: {},
        data: [Object],
        skipProcessing: true,
        assetProcessor: [Object],
        filtered: false,
        _config: [Object],
        _renderer: [Object] },
     '/css/_highlight_atom-one-dark.css': 
      File {
        id: '/Users/samhinshaw/projects/reptar_blog/css/_highlight_atom-one-dark.css',
        path: '/Users/samhinshaw/projects/reptar_blog/css/_highlight_atom-one-dark.css',
        destination: '/css/_highlight_atom-one-dark.css',
        frontmatter: {},
        data: [Object],
        skipProcessing: true,
        assetProcessor: null,
        filtered: false,
        _config: [Object],
        _renderer: [Object] },
     '/css/_highlight_oceanic-next.css': 
      File {
        id: '/Users/samhinshaw/projects/reptar_blog/css/_highlight_oceanic-next.css',
        path: '/Users/samhinshaw/projects/reptar_blog/css/_highlight_oceanic-next.css',
        destination: '/css/_highlight_oceanic-next.css',
        frontmatter: {},
        data: [Object],
        skipProcessing: true,
        assetProcessor: null,
        filtered: false,
        _config: [Object],
        _renderer: [Object] },
     '/css/_highlight.css': 
      File {
        id: '/Users/samhinshaw/projects/reptar_blog/css/_highlight.css',
        path: '/Users/samhinshaw/projects/reptar_blog/css/_highlight.css',
        destination: '/css/_highlight.css',
        frontmatter: {},
        data: [Object],
        skipProcessing: true,
        assetProcessor: null,
        filtered: false,
        _config: [Object],
        _renderer: [Object] },
     '/css/_layout.css': 
      File {
        id: '/Users/samhinshaw/projects/reptar_blog/css/_layout.less',
        path: '/Users/samhinshaw/projects/reptar_blog/css/_layout.less',
        destination: '/css/_layout.css',
        frontmatter: {},
        data: [Object],
        skipProcessing: true,
        assetProcessor: [Object],
        filtered: false,
        _config: [Object],
        _renderer: [Object] },
     '/css/_style.css': 
      File {
        id: '/Users/samhinshaw/projects/reptar_blog/css/_style.css',
        path: '/Users/samhinshaw/projects/reptar_blog/css/_style.css',
        destination: '/css/_style.css',
        frontmatter: {},
        data: [Object],
        skipProcessing: true,
        assetProcessor: null,
        filtered: false,
        _config: [Object],
        _renderer: [Object] },
     '/css/_variables.css': 
      File {
        id: '/Users/samhinshaw/projects/reptar_blog/css/_variables.less',
        path: '/Users/samhinshaw/projects/reptar_blog/css/_variables.less',
        destination: '/css/_variables.css',
        frontmatter: {},
        data: [Object],
        skipProcessing: true,
        assetProcessor: [Object],
        filtered: false,
        _config: [Object],
        _renderer: [Object] },
     '/css/bulma.css': 
      File {
        id: '/Users/samhinshaw/projects/reptar_blog/css/bulma.sass',
        path: '/Users/samhinshaw/projects/reptar_blog/css/bulma.sass',
        destination: '/css/bulma.css',
        frontmatter: {},
        data: [Object],
        skipProcessing: true,
        assetProcessor: [Object],
        filtered: false,
        _config: [Object],
        _renderer: [Object] },
     '/css/main.css': 
      File {
        id: '/Users/samhinshaw/projects/reptar_blog/css/main.less',
        path: '/Users/samhinshaw/projects/reptar_blog/css/main.less',
        destination: '/css/main.css',
        frontmatter: {},
        data: [Object],
        skipProcessing: true,
        assetProcessor: [Object],
        filtered: false,
        _config: [Object],
        _renderer: [Object] },
     '/favicon-16x16.png': 
      File {
        id: '/Users/samhinshaw/projects/reptar_blog/favicon-16x16.png',
        path: '/Users/samhinshaw/projects/reptar_blog/favicon-16x16.png',
        destination: '/favicon-16x16.png',
        frontmatter: {},
        data: [Object],
        skipProcessing: true,
        assetProcessor: null,
        filtered: false,
        _config: [Object],
        _renderer: [Object] },
     '/favicon-32x32.png': 
      File {
        id: '/Users/samhinshaw/projects/reptar_blog/favicon-32x32.png',
        path: '/Users/samhinshaw/projects/reptar_blog/favicon-32x32.png',
        destination: '/favicon-32x32.png',
        frontmatter: {},
        data: [Object],
        skipProcessing: true,
        assetProcessor: null,
        filtered: false,
        _config: [Object],
        _renderer: [Object] },
     '/favicon.ico': 
      File {
        id: '/Users/samhinshaw/projects/reptar_blog/favicon.ico',
        path: '/Users/samhinshaw/projects/reptar_blog/favicon.ico',
        destination: '/favicon.ico',
        frontmatter: {},
        data: [Object],
        skipProcessing: true,
        assetProcessor: null,
        filtered: false,
        _config: [Object],
        _renderer: [Object] },
     '/fonts/FiraCode-Bold.woff2': 
      File {
        id: '/Users/samhinshaw/projects/reptar_blog/fonts/FiraCode-Bold.woff2',
        path: '/Users/samhinshaw/projects/reptar_blog/fonts/FiraCode-Bold.woff2',
        destination: '/fonts/FiraCode-Bold.woff2',
        frontmatter: {},
        data: [Object],
        skipProcessing: true,
        assetProcessor: null,
        filtered: false,
        _config: [Object],
        _renderer: [Object] },
     '/fonts/FiraCode-Light.woff2': 
      File {
        id: '/Users/samhinshaw/projects/reptar_blog/fonts/FiraCode-Light.woff2',
        path: '/Users/samhinshaw/projects/reptar_blog/fonts/FiraCode-Light.woff2',
        destination: '/fonts/FiraCode-Light.woff2',
        frontmatter: {},
        data: [Object],
        skipProcessing: true,
        assetProcessor: null,
        filtered: false,
        _config: [Object],
        _renderer: [Object] },
     '/fonts/FiraCode-Medium.woff2': 
      File {
        id: '/Users/samhinshaw/projects/reptar_blog/fonts/FiraCode-Medium.woff2',
        path: '/Users/samhinshaw/projects/reptar_blog/fonts/FiraCode-Medium.woff2',
        destination: '/fonts/FiraCode-Medium.woff2',
        frontmatter: {},
        data: [Object],
        skipProcessing: true,
        assetProcessor: null,
        filtered: false,
        _config: [Object],
        _renderer: [Object] },
     '/fonts/FiraCode-Regular.woff2': 
      File {
        id: '/Users/samhinshaw/projects/reptar_blog/fonts/FiraCode-Regular.woff2',
        path: '/Users/samhinshaw/projects/reptar_blog/fonts/FiraCode-Regular.woff2',
        destination: '/fonts/FiraCode-Regular.woff2',
        frontmatter: {},
        data: [Object],
        skipProcessing: true,
        assetProcessor: null,
        filtered: false,
        _config: [Object],
        _renderer: [Object] },
     '/fonts/fontawesome-webfont.eot': 
      File {
        id: '/Users/samhinshaw/projects/reptar_blog/fonts/fontawesome-webfont.eot',
        path: '/Users/samhinshaw/projects/reptar_blog/fonts/fontawesome-webfont.eot',
        destination: '/fonts/fontawesome-webfont.eot',
        frontmatter: {},
        data: [Object],
        skipProcessing: true,
        assetProcessor: null,
        filtered: false,
        _config: [Object],
        _renderer: [Object] },
     '/fonts/fontawesome-webfont.svg': 
      File {
        id: '/Users/samhinshaw/projects/reptar_blog/fonts/fontawesome-webfont.svg',
        path: '/Users/samhinshaw/projects/reptar_blog/fonts/fontawesome-webfont.svg',
        destination: '/fonts/fontawesome-webfont.svg',
        frontmatter: {},
        data: [Object],
        skipProcessing: true,
        assetProcessor: null,
        filtered: false,
        _config: [Object],
        _renderer: [Object] },
     '/fonts/fontawesome-webfont.ttf': 
      File {
        id: '/Users/samhinshaw/projects/reptar_blog/fonts/fontawesome-webfont.ttf',
        path: '/Users/samhinshaw/projects/reptar_blog/fonts/fontawesome-webfont.ttf',
        destination: '/fonts/fontawesome-webfont.ttf',
        frontmatter: {},
        data: [Object],
        skipProcessing: true,
        assetProcessor: null,
        filtered: false,
        _config: [Object],
        _renderer: [Object] },
     '/fonts/fontawesome-webfont.woff': 
      File {
        id: '/Users/samhinshaw/projects/reptar_blog/fonts/fontawesome-webfont.woff',
        path: '/Users/samhinshaw/projects/reptar_blog/fonts/fontawesome-webfont.woff',
        destination: '/fonts/fontawesome-webfont.woff',
        frontmatter: {},
        data: [Object],
        skipProcessing: true,
        assetProcessor: null,
        filtered: false,
        _config: [Object],
        _renderer: [Object] },
     '/fonts/fontawesome-webfont.woff2': 
      File {
        id: '/Users/samhinshaw/projects/reptar_blog/fonts/fontawesome-webfont.woff2',
        path: '/Users/samhinshaw/projects/reptar_blog/fonts/fontawesome-webfont.woff2',
        destination: '/fonts/fontawesome-webfont.woff2',
        frontmatter: {},
        data: [Object],
        skipProcessing: true,
        assetProcessor: null,
        filtered: false,
        _config: [Object],
        _renderer: [Object] },
     '/fonts/FontAwesome.otf': 
      File {
        id: '/Users/samhinshaw/projects/reptar_blog/fonts/FontAwesome.otf',
        path: '/Users/samhinshaw/projects/reptar_blog/fonts/FontAwesome.otf',
        destination: '/fonts/FontAwesome.otf',
        frontmatter: {},
        data: [Object],
        skipProcessing: true,
        assetProcessor: null,
        filtered: false,
        _config: [Object],
        _renderer: [Object] },
     '/images/aerial-wave.jpg': 
      File {
        id: '/Users/samhinshaw/projects/reptar_blog/images/aerial-wave.jpg',
        path: '/Users/samhinshaw/projects/reptar_blog/images/aerial-wave.jpg',
        destination: '/images/aerial-wave.jpg',
        frontmatter: {},
        data: [Object],
        skipProcessing: true,
        assetProcessor: null,
        filtered: false,
        _config: [Object],
        _renderer: [Object] },
     '/images/arrow.jpg': 
      File {
        id: '/Users/samhinshaw/projects/reptar_blog/images/arrow.jpg',
        path: '/Users/samhinshaw/projects/reptar_blog/images/arrow.jpg',
        destination: '/images/arrow.jpg',
        frontmatter: {},
        data: [Object],
        skipProcessing: true,
        assetProcessor: null,
        filtered: false,
        _config: [Object],
        _renderer: [Object] },
     '/images/bondi-beach.jpg': 
      File {
        id: '/Users/samhinshaw/projects/reptar_blog/images/bondi-beach.jpg',
        path: '/Users/samhinshaw/projects/reptar_blog/images/bondi-beach.jpg',
        destination: '/images/bondi-beach.jpg',
        frontmatter: {},
        data: [Object],
        skipProcessing: true,
        assetProcessor: null,
        filtered: false,
        _config: [Object],
        _renderer: [Object] },
     '/images/burrard-bridge.jpg': 
      File {
        id: '/Users/samhinshaw/projects/reptar_blog/images/burrard-bridge.jpg',
        path: '/Users/samhinshaw/projects/reptar_blog/images/burrard-bridge.jpg',
        destination: '/images/burrard-bridge.jpg',
        frontmatter: {},
        data: [Object],
        skipProcessing: true,
        assetProcessor: null,
        filtered: false,
        _config: [Object],
        _renderer: [Object] },
     '/images/cajon-pass.jpg': 
      File {
        id: '/Users/samhinshaw/projects/reptar_blog/images/cajon-pass.jpg',
        path: '/Users/samhinshaw/projects/reptar_blog/images/cajon-pass.jpg',
        destination: '/images/cajon-pass.jpg',
        frontmatter: {},
        data: [Object],
        skipProcessing: true,
        assetProcessor: null,
        filtered: false,
        _config: [Object],
        _renderer: [Object] },
     '/images/cat-ios.png': 
      File {
        id: '/Users/samhinshaw/projects/reptar_blog/images/cat-ios.png',
        path: '/Users/samhinshaw/projects/reptar_blog/images/cat-ios.png',
        destination: '/images/cat-ios.png',
        frontmatter: {},
        data: [Object],
        skipProcessing: true,
        assetProcessor: null,
        filtered: false,
        _config: [Object],
        _renderer: [Object] },
     '/images/cat.png': 
      File {
        id: '/Users/samhinshaw/projects/reptar_blog/images/cat.png',
        path: '/Users/samhinshaw/projects/reptar_blog/images/cat.png',
        destination: '/images/cat.png',
        frontmatter: {},
        data: [Object],
        skipProcessing: true,
        assetProcessor: null,
        filtered: false,
        _config: [Object],
        _renderer: [Object] },
     '/images/coffee-ios.png': 
      File {
        id: '/Users/samhinshaw/projects/reptar_blog/images/coffee-ios.png',
        path: '/Users/samhinshaw/projects/reptar_blog/images/coffee-ios.png',
        destination: '/images/coffee-ios.png',
        frontmatter: {},
        data: [Object],
        skipProcessing: true,
        assetProcessor: null,
        filtered: false,
        _config: [Object],
        _renderer: [Object] },
     '/images/coffee.png': 
      File {
        id: '/Users/samhinshaw/projects/reptar_blog/images/coffee.png',
        path: '/Users/samhinshaw/projects/reptar_blog/images/coffee.png',
        destination: '/images/coffee.png',
        frontmatter: {},
        data: [Object],
        skipProcessing: true,
        assetProcessor: null,
        filtered: false,
        _config: [Object],
        _renderer: [Object] },
     '/images/computer.png': 
      File {
        id: '/Users/samhinshaw/projects/reptar_blog/images/computer.png',
        path: '/Users/samhinshaw/projects/reptar_blog/images/computer.png',
        destination: '/images/computer.png',
        frontmatter: {},
        data: [Object],
        skipProcessing: true,
        assetProcessor: null,
        filtered: false,
        _config: [Object],
        _renderer: [Object] },
     '/images/dog-mountain-fir.jpg': 
      File {
        id: '/Users/samhinshaw/projects/reptar_blog/images/dog-mountain-fir.jpg',
        path: '/Users/samhinshaw/projects/reptar_blog/images/dog-mountain-fir.jpg',
        destination: '/images/dog-mountain-fir.jpg',
        frontmatter: {},
        data: [Object],
        skipProcessing: true,
        assetProcessor: null,
        filtered: false,
        _config: [Object],
        _renderer: [Object] },
     '/images/ferris-wheel.jpg': 
      File {
        id: '/Users/samhinshaw/projects/reptar_blog/images/ferris-wheel.jpg',
        path: '/Users/samhinshaw/projects/reptar_blog/images/ferris-wheel.jpg',
        destination: '/images/ferris-wheel.jpg',
        frontmatter: {},
        data: [Object],
        skipProcessing: true,
        assetProcessor: null,
        filtered: false,
        _config: [Object],
        _renderer: [Object] },
     '/images/first-lake-crop.jpg': 
      File {
        id: '/Users/samhinshaw/projects/reptar_blog/images/first-lake-crop.jpg',
        path: '/Users/samhinshaw/projects/reptar_blog/images/first-lake-crop.jpg',
        destination: '/images/first-lake-crop.jpg',
        frontmatter: {},
        data: [Object],
        skipProcessing: true,
        assetProcessor: null,
        filtered: false,
        _config: [Object],
        _renderer: [Object] },
     '/images/first-lake.jpg': 
      File {
        id: '/Users/samhinshaw/projects/reptar_blog/images/first-lake.jpg',
        path: '/Users/samhinshaw/projects/reptar_blog/images/first-lake.jpg',
        destination: '/images/first-lake.jpg',
        frontmatter: {},
        data: [Object],
        skipProcessing: true,
        assetProcessor: null,
        filtered: false,
        _config: [Object],
        _renderer: [Object] },
     '/images/getty-villa-wall.jpg': 
      File {
        id: '/Users/samhinshaw/projects/reptar_blog/images/getty-villa-wall.jpg',
        path: '/Users/samhinshaw/projects/reptar_blog/images/getty-villa-wall.jpg',
        destination: '/images/getty-villa-wall.jpg',
        frontmatter: {},
        data: [Object],
        skipProcessing: true,
        assetProcessor: null,
        filtered: false,
        _config: [Object],
        _renderer: [Object] },
     '/images/getty-villa-wheat.jpg': 
      File {
        id: '/Users/samhinshaw/projects/reptar_blog/images/getty-villa-wheat.jpg',
        path: '/Users/samhinshaw/projects/reptar_blog/images/getty-villa-wheat.jpg',
        destination: '/images/getty-villa-wheat.jpg',
        frontmatter: {},
        data: [Object],
        skipProcessing: true,
        assetProcessor: null,
        filtered: false,
        _config: [Object],
        _renderer: [Object] },
     '/images/grass.jpg': 
      File {
        id: '/Users/samhinshaw/projects/reptar_blog/images/grass.jpg',
        path: '/Users/samhinshaw/projects/reptar_blog/images/grass.jpg',
        destination: '/images/grass.jpg',
        frontmatter: {},
        data: [Object],
        skipProcessing: true,
        assetProcessor: null,
        filtered: false,
        _config: [Object],
        _renderer: [Object] },
     '/images/juniper-point-dog.jpg': 
      File {
        id: '/Users/samhinshaw/projects/reptar_blog/images/juniper-point-dog.jpg',
        path: '/Users/samhinshaw/projects/reptar_blog/images/juniper-point-dog.jpg',
        destination: '/images/juniper-point-dog.jpg',
        frontmatter: {},
        data: [Object],
        skipProcessing: true,
        assetProcessor: null,
        filtered: false,
        _config: [Object],
        _renderer: [Object] },
     '/images/juniper-point-tree.jpg': 
      File {
        id: '/Users/samhinshaw/projects/reptar_blog/images/juniper-point-tree.jpg',
        path: '/Users/samhinshaw/projects/reptar_blog/images/juniper-point-tree.jpg',
        destination: '/images/juniper-point-tree.jpg',
        frontmatter: {},
        data: [Object],
        skipProcessing: true,
        assetProcessor: null,
        filtered: false,
        _config: [Object],
        _renderer: [Object] },
     '/images/juniper-point.jpg': 
      File {
        id: '/Users/samhinshaw/projects/reptar_blog/images/juniper-point.jpg',
        path: '/Users/samhinshaw/projects/reptar_blog/images/juniper-point.jpg',
        destination: '/images/juniper-point.jpg',
        frontmatter: {},
        data: [Object],
        skipProcessing: true,
        assetProcessor: null,
        filtered: false,
        _config: [Object],
        _renderer: [Object] },
     '/images/laptop-ios.png': 
      File {
        id: '/Users/samhinshaw/projects/reptar_blog/images/laptop-ios.png',
        path: '/Users/samhinshaw/projects/reptar_blog/images/laptop-ios.png',
        destination: '/images/laptop-ios.png',
        frontmatter: {},
        data: [Object],
        skipProcessing: true,
        assetProcessor: null,
        filtered: false,
        _config: [Object],
        _renderer: [Object] },
     '/images/lighthouse-park_stylized.jpg': 
      File {
        id: '/Users/samhinshaw/projects/reptar_blog/images/lighthouse-park_stylized.jpg',
        path: '/Users/samhinshaw/projects/reptar_blog/images/lighthouse-park_stylized.jpg',
        destination: '/images/lighthouse-park_stylized.jpg',
        frontmatter: {},
        data: [Object],
        skipProcessing: true,
        assetProcessor: null,
        filtered: false,
        _config: [Object],
        _renderer: [Object] },
     '/images/lions-gate.jpg': 
      File {
        id: '/Users/samhinshaw/projects/reptar_blog/images/lions-gate.jpg',
        path: '/Users/samhinshaw/projects/reptar_blog/images/lions-gate.jpg',
        destination: '/images/lions-gate.jpg',
        frontmatter: {},
        data: [Object],
        skipProcessing: true,
        assetProcessor: null,
        filtered: false,
        _config: [Object],
        _renderer: [Object] },
     '/images/loading-dock.jpg': 
      File {
        id: '/Users/samhinshaw/projects/reptar_blog/images/loading-dock.jpg',
        path: '/Users/samhinshaw/projects/reptar_blog/images/loading-dock.jpg',
        destination: '/images/loading-dock.jpg',
        frontmatter: {},
        data: [Object],
        skipProcessing: true,
        assetProcessor: null,
        filtered: false,
        _config: [Object],
        _renderer: [Object] },
     '/images/overhead-coffee-mug.jpg': 
      File {
        id: '/Users/samhinshaw/projects/reptar_blog/images/overhead-coffee-mug.jpg',
        path: '/Users/samhinshaw/projects/reptar_blog/images/overhead-coffee-mug.jpg',
        destination: '/images/overhead-coffee-mug.jpg',
        frontmatter: {},
        data: [Object],
        skipProcessing: true,
        assetProcessor: null,
        filtered: false,
        _config: [Object],
        _renderer: [Object] },
     '/images/portrait_fullres.jpg': 
      File {
        id: '/Users/samhinshaw/projects/reptar_blog/images/portrait_fullres.jpg',
        path: '/Users/samhinshaw/projects/reptar_blog/images/portrait_fullres.jpg',
        destination: '/images/portrait_fullres.jpg',
        frontmatter: {},
        data: [Object],
        skipProcessing: true,
        assetProcessor: null,
        filtered: false,
        _config: [Object],
        _renderer: [Object] },
     '/images/portrait.jpg': 
      File {
        id: '/Users/samhinshaw/projects/reptar_blog/images/portrait.jpg',
        path: '/Users/samhinshaw/projects/reptar_blog/images/portrait.jpg',
        destination: '/images/portrait.jpg',
        frontmatter: {},
        data: [Object],
        skipProcessing: true,
        assetProcessor: null,
        filtered: false,
        _config: [Object],
        _renderer: [Object] },
     '/images/ring-light.jpg': 
      File {
        id: '/Users/samhinshaw/projects/reptar_blog/images/ring-light.jpg',
        path: '/Users/samhinshaw/projects/reptar_blog/images/ring-light.jpg',
        destination: '/images/ring-light.jpg',
        frontmatter: {},
        data: [Object],
        skipProcessing: true,
        assetProcessor: null,
        filtered: false,
        _config: [Object],
        _renderer: [Object] },
     '/images/rstudio.png': 
      File {
        id: '/Users/samhinshaw/projects/reptar_blog/images/rstudio.png',
        path: '/Users/samhinshaw/projects/reptar_blog/images/rstudio.png',
        destination: '/images/rstudio.png',
        frontmatter: {},
        data: [Object],
        skipProcessing: true,
        assetProcessor: null,
        filtered: false,
        _config: [Object],
        _renderer: [Object] },
     '/images/sailing-centre-sunset_stylized.jpg': 
      File {
        id: '/Users/samhinshaw/projects/reptar_blog/images/sailing-centre-sunset_stylized.jpg',
        path: '/Users/samhinshaw/projects/reptar_blog/images/sailing-centre-sunset_stylized.jpg',
        destination: '/images/sailing-centre-sunset_stylized.jpg',
        frontmatter: {},
        data: [Object],
        skipProcessing: true,
        assetProcessor: null,
        filtered: false,
        _config: [Object],
        _renderer: [Object] },
     '/images/sam_avatar.png': 
      File {
        id: '/Users/samhinshaw/projects/reptar_blog/images/sam_avatar.png',
        path: '/Users/samhinshaw/projects/reptar_blog/images/sam_avatar.png',
        destination: '/images/sam_avatar.png',
        frontmatter: {},
        data: [Object],
        skipProcessing: true,
        assetProcessor: null,
        filtered: false,
        _config: [Object],
        _renderer: [Object] },
     '/images/sam_logo.png': 
      File {
        id: '/Users/samhinshaw/projects/reptar_blog/images/sam_logo.png',
        path: '/Users/samhinshaw/projects/reptar_blog/images/sam_logo.png',
        destination: '/images/sam_logo.png',
        frontmatter: {},
        data: [Object],
        skipProcessing: true,
        assetProcessor: null,
        filtered: false,
        _config: [Object],
        _renderer: [Object] },
     '/images/sam.jpg': 
      File {
        id: '/Users/samhinshaw/projects/reptar_blog/images/sam.jpg',
        path: '/Users/samhinshaw/projects/reptar_blog/images/sam.jpg',
        destination: '/images/sam.jpg',
        frontmatter: {},
        data: [Object],
        skipProcessing: true,
        assetProcessor: null,
        filtered: false,
        _config: [Object],
        _renderer: [Object] },
     '/images/ships-at-sunset_stylized.jpg': 
      File {
        id: '/Users/samhinshaw/projects/reptar_blog/images/ships-at-sunset_stylized.jpg',
        path: '/Users/samhinshaw/projects/reptar_blog/images/ships-at-sunset_stylized.jpg',
        destination: '/images/ships-at-sunset_stylized.jpg',
        frontmatter: {},
        data: [Object],
        skipProcessing: true,
        assetProcessor: null,
        filtered: false,
        _config: [Object],
        _renderer: [Object] },
     '/images/the-huntington-cacti.jpg': 
      File {
        id: '/Users/samhinshaw/projects/reptar_blog/images/the-huntington-cacti.jpg',
        path: '/Users/samhinshaw/projects/reptar_blog/images/the-huntington-cacti.jpg',
        destination: '/images/the-huntington-cacti.jpg',
        frontmatter: {},
        data: [Object],
        skipProcessing: true,
        assetProcessor: null,
        filtered: false,
        _config: [Object],
        _renderer: [Object] },
     '/images/the-huntington-lightbulbs.jpg': 
      File {
        id: '/Users/samhinshaw/projects/reptar_blog/images/the-huntington-lightbulbs.jpg',
        path: '/Users/samhinshaw/projects/reptar_blog/images/the-huntington-lightbulbs.jpg',
        destination: '/images/the-huntington-lightbulbs.jpg',
        frontmatter: {},
        data: [Object],
        skipProcessing: true,
        assetProcessor: null,
        filtered: false,
        _config: [Object],
        _renderer: [Object] },
     '/images/type-letters.jpg': 
      File {
        id: '/Users/samhinshaw/projects/reptar_blog/images/type-letters.jpg',
        path: '/Users/samhinshaw/projects/reptar_blog/images/type-letters.jpg',
        destination: '/images/type-letters.jpg',
        frontmatter: {},
        data: [Object],
        skipProcessing: true,
        assetProcessor: null,
        filtered: false,
        _config: [Object],
        _renderer: [Object] },
     '/images/typesetting-block.jpg': 
      File {
        id: '/Users/samhinshaw/projects/reptar_blog/images/typesetting-block.jpg',
        path: '/Users/samhinshaw/projects/reptar_blog/images/typesetting-block.jpg',
        destination: '/images/typesetting-block.jpg',
        frontmatter: {},
        data: [Object],
        skipProcessing: true,
        assetProcessor: null,
        filtered: false,
        _config: [Object],
        _renderer: [Object] },
     '/images/typesetting.jpg': 
      File {
        id: '/Users/samhinshaw/projects/reptar_blog/images/typesetting.jpg',
        path: '/Users/samhinshaw/projects/reptar_blog/images/typesetting.jpg',
        destination: '/images/typesetting.jpg',
        frontmatter: {},
        data: [Object],
        skipProcessing: true,
        assetProcessor: null,
        filtered: false,
        _config: [Object],
        _renderer: [Object] },
     '/images/yellow-umbrellas.jpg': 
      File {
        id: '/Users/samhinshaw/projects/reptar_blog/images/yellow-umbrellas.jpg',
        path: '/Users/samhinshaw/projects/reptar_blog/images/yellow-umbrellas.jpg',
        destination: '/images/yellow-umbrellas.jpg',
        frontmatter: {},
        data: [Object],
        skipProcessing: true,
        assetProcessor: null,
        filtered: false,
        _config: [Object],
        _renderer: [Object] },
     '/index.html': 
      File {
        id: '/Users/samhinshaw/projects/reptar_blog/index.md',
        path: '/Users/samhinshaw/projects/reptar_blog/index.md',
        destination: '/index.html',
        frontmatter: [Object],
        data: [Object],
        skipProcessing: false,
        assetProcessor: null,
        filtered: false,
        _config: [Object],
        _renderer: [Object],
        checksum: 'f351610407c1df0348999c1dba6ff76d',
        defaults: [Object] },
     '/js/main.js': 
      File {
        id: '/Users/samhinshaw/projects/reptar_blog/js/main.js',
        path: '/Users/samhinshaw/projects/reptar_blog/js/main.js',
        destination: '/js/main.js',
        frontmatter: {},
        data: [Object],
        skipProcessing: true,
        assetProcessor: [Object],
        filtered: false,
        _config: [Object],
        _renderer: [Object] },
     '/LICENSE': 
      File {
        id: '/Users/samhinshaw/projects/reptar_blog/LICENSE',
        path: '/Users/samhinshaw/projects/reptar_blog/LICENSE',
        destination: '/LICENSE',
        frontmatter: {},
        data: [Object],
        skipProcessing: true,
        assetProcessor: null,
        filtered: false,
        _config: [Object],
        _renderer: [Object] },
     '/LICENSE_PHOTOS': 
      File {
        id: '/Users/samhinshaw/projects/reptar_blog/LICENSE_PHOTOS',
        path: '/Users/samhinshaw/projects/reptar_blog/LICENSE_PHOTOS',
        destination: '/LICENSE_PHOTOS',
        frontmatter: {},
        data: [Object],
        skipProcessing: true,
        assetProcessor: null,
        filtered: false,
        _config: [Object],
        _renderer: [Object] },
     '/manifest.json': 
      File {
        id: '/Users/samhinshaw/projects/reptar_blog/manifest.json',
        path: '/Users/samhinshaw/projects/reptar_blog/manifest.json',
        destination: '/manifest.json',
        frontmatter: {},
        data: [Object],
        skipProcessing: true,
        assetProcessor: null,
        filtered: false,
        _config: [Object],
        _renderer: [Object] },
     '/mstile-150x150.png': 
      File {
        id: '/Users/samhinshaw/projects/reptar_blog/mstile-150x150.png',
        path: '/Users/samhinshaw/projects/reptar_blog/mstile-150x150.png',
        destination: '/mstile-150x150.png',
        frontmatter: {},
        data: [Object],
        skipProcessing: true,
        assetProcessor: null,
        filtered: false,
        _config: [Object],
        _renderer: [Object] },
     '/package-lock.json': 
      File {
        id: '/Users/samhinshaw/projects/reptar_blog/package-lock.json',
        path: '/Users/samhinshaw/projects/reptar_blog/package-lock.json',
        destination: '/package-lock.json',
        frontmatter: {},
        data: [Object],
        skipProcessing: true,
        assetProcessor: null,
        filtered: false,
        _config: [Object],
        _renderer: [Object] },
     '/readme.html': 
      File {
        id: '/Users/samhinshaw/projects/reptar_blog/readme.md',
        path: '/Users/samhinshaw/projects/reptar_blog/readme.md',
        destination: '/readme.html',
        frontmatter: {},
        data: [Object],
        skipProcessing: true,
        assetProcessor: null,
        filtered: false,
        _config: [Object],
        _renderer: [Object] },
     '/reptar.log': 
      File {
        id: '/Users/samhinshaw/projects/reptar_blog/reptar.log',
        path: '/Users/samhinshaw/projects/reptar_blog/reptar.log',
        destination: '/reptar.log',
        frontmatter: {},
        data: [Object],
        skipProcessing: true,
        assetProcessor: null,
        filtered: false,
        _config: [Object],
        _renderer: [Object] },
     '/safari-pinned-tab.svg': 
      File {
        id: '/Users/samhinshaw/projects/reptar_blog/safari-pinned-tab.svg',
        path: '/Users/samhinshaw/projects/reptar_blog/safari-pinned-tab.svg',
        destination: '/safari-pinned-tab.svg',
        frontmatter: {},
        data: [Object],
        skipProcessing: true,
        assetProcessor: null,
        filtered: false,
        _config: [Object],
        _renderer: [Object] },
     '/pages/index.html': 
      CollectionPage {
        id: 'mainPages:0',
        collectionId: 'mainPages',
        _config: [Object],
        _renderer: [Object],
        index: 0,
        files: [Array],
        permalink: '/pages/',
        data: [Object],
        destination: '/pages/index.html' } },
  collections: 
   { mainPages: 
      FileSystemCollection {
        id: 'mainPages',
        name: 'mainPages',
        data: [Object],
        _config: [Object],
        _renderer: [Object],
        path: '/Users/samhinshaw/projects/reptar_blog/_root',
        template: 'page',
        pageSize: 6,
        sort: [Object],
        permalink: [Object],
        pages: [Array],
        files: [Object],
        excludePaths: [Array] },
     post: 
      FileSystemCollection {
        id: 'post',
        name: 'post',
        data: [Object],
        _config: [Object],
        _renderer: [Object],
        path: '/Users/samhinshaw/projects/reptar_blog/_posts',
        template: 'post_index',
        pageSize: 6,
        sort: [Object],
        permalink: [Object],
        pages: [Array],
        files: [Object],
        excludePaths: [Array] } } }

building				 (944ms)
